{"level":"info","message":"Auth routes loaded","service":"ai-career-portal-backend","timestamp":"2025-10-25 09:18:39"}
{"level":"info","message":"Users routes loaded","service":"ai-career-portal-backend","timestamp":"2025-10-25 09:18:39"}
{"level":"info","message":"Resumes routes loaded","service":"ai-career-portal-backend","timestamp":"2025-10-25 09:18:39"}
{"level":"info","message":"Jobs routes loaded","service":"ai-career-portal-backend","timestamp":"2025-10-25 09:18:39"}
{"level":"info","message":"Applications routes loaded","service":"ai-career-portal-backend","timestamp":"2025-10-25 09:18:39"}
{"level":"info","message":"Analytics routes loaded","service":"ai-career-portal-backend","timestamp":"2025-10-25 09:18:39"}
{"level":"info","message":"Monitoring routes loaded","service":"ai-career-portal-backend","timestamp":"2025-10-25 09:18:39"}
{"database":"ai-career-portal","host":"cluster0-shard-00-01.k0wpr.mongodb.net","level":"info","message":"MongoDB connected successfully","port":27017,"service":"ai-career-portal-backend","timestamp":"2025-10-25 09:18:41"}
{"environment":"development","host":"0.0.0.0","level":"info","message":"Server started successfully","port":"5000","service":"ai-career-portal-backend","timestamp":"2025-10-25 09:18:41"}
{"level":"info","message":"Auth routes loaded","service":"ai-career-portal-backend","timestamp":"2025-10-25 09:20:57"}
{"level":"info","message":"Users routes loaded","service":"ai-career-portal-backend","timestamp":"2025-10-25 09:20:57"}
{"level":"info","message":"Resumes routes loaded","service":"ai-career-portal-backend","timestamp":"2025-10-25 09:20:57"}
{"level":"info","message":"Jobs routes loaded","service":"ai-career-portal-backend","timestamp":"2025-10-25 09:20:57"}
{"level":"info","message":"Applications routes loaded","service":"ai-career-portal-backend","timestamp":"2025-10-25 09:20:57"}
{"level":"info","message":"Analytics routes loaded","service":"ai-career-portal-backend","timestamp":"2025-10-25 09:20:57"}
{"level":"info","message":"Monitoring routes loaded","service":"ai-career-portal-backend","timestamp":"2025-10-25 09:20:57"}
{"level":"info","message":"Auth routes loaded","service":"ai-career-portal-backend","timestamp":"2025-10-25 09:21:24"}
{"level":"info","message":"Users routes loaded","service":"ai-career-portal-backend","timestamp":"2025-10-25 09:21:25"}
{"level":"info","message":"Resumes routes loaded","service":"ai-career-portal-backend","timestamp":"2025-10-25 09:21:25"}
{"level":"info","message":"Jobs routes loaded","service":"ai-career-portal-backend","timestamp":"2025-10-25 09:21:25"}
{"level":"info","message":"Applications routes loaded","service":"ai-career-portal-backend","timestamp":"2025-10-25 09:21:25"}
{"level":"info","message":"Analytics routes loaded","service":"ai-career-portal-backend","timestamp":"2025-10-25 09:21:25"}
{"level":"info","message":"Monitoring routes loaded","service":"ai-career-portal-backend","timestamp":"2025-10-25 09:21:25"}
{"context":"Database connection failed","level":"error","message":"Application error querySrv ECONNREFUSED _mongodb._tcp.cluster0.k0wpr.mongodb.net","service":"ai-career-portal-backend","stack":"Error: querySrv ECONNREFUSED _mongodb._tcp.cluster0.k0wpr.mongodb.net\n    at QueryReqWrap.onresolve [as oncomplete] (node:internal/dns/promises:293:17)","timestamp":"2025-10-25 09:31:35"}
{"level":"info","message":"Auth routes loaded","service":"ai-career-portal-backend","timestamp":"2025-10-25 09:31:51"}
{"level":"info","message":"Users routes loaded","service":"ai-career-portal-backend","timestamp":"2025-10-25 09:31:51"}
{"level":"info","message":"Resumes routes loaded","service":"ai-career-portal-backend","timestamp":"2025-10-25 09:31:52"}
{"level":"info","message":"Jobs routes loaded","service":"ai-career-portal-backend","timestamp":"2025-10-25 09:31:52"}
{"level":"info","message":"Applications routes loaded","service":"ai-career-portal-backend","timestamp":"2025-10-25 09:31:52"}
{"level":"info","message":"Analytics routes loaded","service":"ai-career-portal-backend","timestamp":"2025-10-25 09:31:52"}
{"level":"info","message":"Monitoring routes loaded","service":"ai-career-portal-backend","timestamp":"2025-10-25 09:31:52"}
{"database":"ai-career-portal","host":"cluster0-shard-00-02.k0wpr.mongodb.net","level":"info","message":"MongoDB connected successfully","port":27017,"service":"ai-career-portal-backend","timestamp":"2025-10-25 09:31:52"}
{"environment":"development","host":"0.0.0.0","level":"info","message":"Server started successfully","port":"5000","service":"ai-career-portal-backend","timestamp":"2025-10-25 09:31:52"}
{"level":"error","message":"Application error CORS policy violation: https://cv-2-job-ai-capstone-project.vercel.app not allowed","service":"ai-career-portal-backend","stack":"Error: CORS policy violation: https://cv-2-job-ai-capstone-project.vercel.app not allowed\n    at origin (D:\\capstone projects\\backend\\src\\app.js:76:16)\n    at D:\\capstone projects\\backend\\node_modules\\cors\\lib\\index.js:219:13\n    at optionsCallback (D:\\capstone projects\\backend\\node_modules\\cors\\lib\\index.js:199:9)\n    at corsMiddleware (D:\\capstone projects\\backend\\node_modules\\cors\\lib\\index.js:204:7)\n    at Layer.handle [as handle_request] (D:\\capstone projects\\backend\\node_modules\\express\\lib\\router\\layer.js:95:5)\n    at trim_prefix (D:\\capstone projects\\backend\\node_modules\\express\\lib\\router\\index.js:328:13)\n    at D:\\capstone projects\\backend\\node_modules\\express\\lib\\router\\index.js:286:9\n    at Function.process_params (D:\\capstone projects\\backend\\node_modules\\express\\lib\\router\\index.js:346:12)\n    at next (D:\\capstone projects\\backend\\node_modules\\express\\lib\\router\\index.js:280:10)\n    at D:\\capstone projects\\backend\\node_modules\\express-rate-limit\\dist\\index.cjs:864:7\n    at process.processTicksAndRejections (node:internal/process/task_queues:105:5)\n    at async D:\\capstone projects\\backend\\node_modules\\express-rate-limit\\dist\\index.cjs:747:5","timestamp":"2025-10-25 10:03:48"}
{"ip":"127.0.0.1","level":"error","message":"Application error Not allowed by CORS","method":"OPTIONS","service":"ai-career-portal-backend","stack":"Error: Not allowed by CORS\n    at origin (D:\\capstone projects\\backend\\src\\app.js:77:16)\n    at D:\\capstone projects\\backend\\node_modules\\cors\\lib\\index.js:219:13\n    at optionsCallback (D:\\capstone projects\\backend\\node_modules\\cors\\lib\\index.js:199:9)\n    at corsMiddleware (D:\\capstone projects\\backend\\node_modules\\cors\\lib\\index.js:204:7)\n    at Layer.handle [as handle_request] (D:\\capstone projects\\backend\\node_modules\\express\\lib\\router\\layer.js:95:5)\n    at trim_prefix (D:\\capstone projects\\backend\\node_modules\\express\\lib\\router\\index.js:328:13)\n    at D:\\capstone projects\\backend\\node_modules\\express\\lib\\router\\index.js:286:9\n    at Function.process_params (D:\\capstone projects\\backend\\node_modules\\express\\lib\\router\\index.js:346:12)\n    at next (D:\\capstone projects\\backend\\node_modules\\express\\lib\\router\\index.js:280:10)\n    at D:\\capstone projects\\backend\\node_modules\\express-rate-limit\\dist\\index.cjs:864:7\n    at process.processTicksAndRejections (node:internal/process/task_queues:105:5)\n    at async D:\\capstone projects\\backend\\node_modules\\express-rate-limit\\dist\\index.cjs:747:5","timestamp":"2025-10-25 10:03:48","url":"/api/jobs"}
